[INFO ] 2020-09-02T18:04:40,219 [main] Server - Starting Server on HP-ProBook-450-G3 with PID 23352 (started by Araf in G:\Github Repos\samples-java\Basic\cordapp-example\clients)
[INFO ] 2020-09-02T18:04:40,388 [main] Server - No active profile set, falling back to default profiles: default
[INFO ] 2020-09-02T18:04:42,801 [main] AnnotationConfigServletWebServerApplicationContext - Refreshing org.springframework.boot.web.servlet.context.AnnotationConfigServletWebServerApplicationContext@12f8b1d8: startup date [Thu Sep 03 00:04:42 BDT 2020]; root of context hierarchy
[INFO ] 2020-09-02T18:05:00,406 [main] TomcatWebServer - Tomcat initialized with port(s): 50005 (http)
[INFO ] 2020-09-02T18:05:00,503 [main] Http11NioProtocol - Initializing ProtocolHandler ["http-nio-50005"]
[INFO ] 2020-09-02T18:05:00,532 [main] StandardService - Starting service [Tomcat]
[INFO ] 2020-09-02T18:05:00,533 [main] StandardEngine - Starting Servlet Engine: Apache Tomcat/8.5.31
[INFO ] 2020-09-02T18:05:00,645 [localhost-startStop-1] AprLifecycleListener - The APR based Apache Tomcat Native library which allows optimal performance in production environments was not found on the java.library.path: [C:\Program Files\Java\jdk1.8.0_241\bin;C:\WINDOWS\Sun\Java\bin;C:\WINDOWS\system32;C:\WINDOWS;C:\Program Files (x86)\Common Files\Oracle\Java\javapath;C:\Program Files (x86)\Intel\Intel(R) Management Engine Components\iCLS\;C:\Program Files\Intel\Intel(R) Management Engine Components\iCLS\;C:\WINDOWS\system32;C:\WINDOWS;C:\WINDOWS\System32\Wbem;C:\WINDOWS\System32\WindowsPowerShell\v1.0\;C:\Program Files\Intel\WiFi\bin\;C:\Program Files\Common Files\Intel\WirelessCommon\;C:\Program Files (x86)\Intel\Intel(R) Management Engine Components\DAL;C:\Program Files\Intel\Intel(R) Management Engine Components\DAL;C:\Program Files (x86)\Intel\Intel(R) Management Engine Components\IPT;C:\Program Files\Intel\Intel(R) Management Engine Components\IPT;C:\WINDOWS\System32\OpenSSH\;F:\CLion 2018.2.6\mingw32\bin;C:\Program Files\Git\cmd;C:\sqlite3;C:\Go\bin;F:\Microsoft VS Code\bin;C:\Users\Araf\anaconda3;C:\Users\Araf\anaconda3\Library\mingw-w64\bin;C:\Users\Araf\anaconda3\Library\usr\bin;C:\Users\Araf\anaconda3\Library\bin;C:\Users\Araf\anaconda3\Scripts;C:\Program Files\Intel\WiFi\bin\;C:\Program Files\Common Files\Intel\WirelessCommon\;C:\Users\Araf\AppData\Local\Microsoft\WindowsApps;C:\Users\Araf\PycharmProjects\untitled\venv;C:\Users\Araf\PycharmProjects\untitled\venv\Scripts;C:\Program Files (x86)\CodeBlocks\share\CodeBlocks\mingw64\bin;C:\Users\Araf\go\bin;C:\Users\Araf\AppData\Local\GitHubDesktop\bin;.]
[INFO ] 2020-09-02T18:05:01,162 [localhost-startStop-1] [/] - Initializing Spring embedded WebApplicationContext
[INFO ] 2020-09-02T18:05:01,162 [localhost-startStop-1] ContextLoader - Root WebApplicationContext: initialization completed in 18384 ms
[INFO ] 2020-09-02T18:05:01,522 [localhost-startStop-1] ServletRegistrationBean - Servlet dispatcherServlet mapped to [/]
[INFO ] 2020-09-02T18:05:01,541 [localhost-startStop-1] FilterRegistrationBean - Mapping filter: 'characterEncodingFilter' to: [/*]
[INFO ] 2020-09-02T18:05:01,541 [localhost-startStop-1] FilterRegistrationBean - Mapping filter: 'hiddenHttpMethodFilter' to: [/*]
[INFO ] 2020-09-02T18:05:01,542 [localhost-startStop-1] FilterRegistrationBean - Mapping filter: 'httpPutFormContentFilter' to: [/*]
[INFO ] 2020-09-02T18:05:01,542 [localhost-startStop-1] FilterRegistrationBean - Mapping filter: 'requestContextFilter' to: [/*]
[INFO ] 2020-09-02T18:05:21,522 [main] RPCClient - Startup took 5301 msec
[INFO ] 2020-09-02T18:05:23,311 [main] SimpleUrlHandlerMapping - Mapped URL path [/**/favicon.ico] onto handler of type [class org.springframework.web.servlet.resource.ResourceHttpRequestHandler]
[INFO ] 2020-09-02T18:05:23,723 [main] RequestMappingHandlerAdapter - Looking for @ControllerAdvice: org.springframework.boot.web.servlet.context.AnnotationConfigServletWebServerApplicationContext@12f8b1d8: startup date [Thu Sep 03 00:04:42 BDT 2020]; root of context hierarchy
[INFO ] 2020-09-02T18:05:24,098 [main] RequestMappingHandlerMapping - Mapped "{[/api/example/status],methods=[GET],produces=[text/plain]}" onto private java.lang.String com.example.server.MainController.status()
[INFO ] 2020-09-02T18:05:24,106 [main] RequestMappingHandlerMapping - Mapped "{[/api/example/states],methods=[GET],produces=[text/plain]}" onto private java.lang.String com.example.server.MainController.states()
[INFO ] 2020-09-02T18:05:24,107 [main] RequestMappingHandlerMapping - Mapped "{[/api/example/addresses],methods=[GET],produces=[text/plain]}" onto private java.lang.String com.example.server.MainController.addresses()
[INFO ] 2020-09-02T18:05:24,108 [main] RequestMappingHandlerMapping - Mapped "{[/api/example/identities],methods=[GET],produces=[text/plain]}" onto private java.lang.String com.example.server.MainController.identities()
[INFO ] 2020-09-02T18:05:24,109 [main] RequestMappingHandlerMapping - Mapped "{[/api/example/peers],methods=[GET],produces=[application/json]}" onto public java.util.HashMap<java.lang.String, java.util.List<java.lang.String>> com.example.server.MainController.getPeers()
[INFO ] 2020-09-02T18:05:24,111 [main] RequestMappingHandlerMapping - Mapped "{[/api/example/notaries],methods=[GET],produces=[text/plain]}" onto private java.lang.String com.example.server.MainController.notaries()
[INFO ] 2020-09-02T18:05:24,112 [main] RequestMappingHandlerMapping - Mapped "{[/api/example/servertime],methods=[GET],produces=[text/plain]}" onto private java.lang.String com.example.server.MainController.serverTime()
[INFO ] 2020-09-02T18:05:24,113 [main] RequestMappingHandlerMapping - Mapped "{[/api/example/platformversion],methods=[GET],produces=[text/plain]}" onto private java.lang.String com.example.server.MainController.platformVersion()
[INFO ] 2020-09-02T18:05:24,115 [main] RequestMappingHandlerMapping - Mapped "{[/api/example/flows],methods=[GET],produces=[text/plain]}" onto private java.lang.String com.example.server.MainController.flows()
[INFO ] 2020-09-02T18:05:24,116 [main] RequestMappingHandlerMapping - Mapped "{[/api/example/ious],methods=[GET],produces=[application/json]}" onto public java.util.List<net.corda.core.contracts.StateAndRef<com.example.state.IOUState>> com.example.server.MainController.getIOUs()
[INFO ] 2020-09-02T18:05:24,117 [main] RequestMappingHandlerMapping - Mapped "{[/api/example/create-iou],methods=[POST],consumes=[application/x-www-form-urlencoded],produces=[text/plain]}" onto public org.springframework.http.ResponseEntity<java.lang.String> com.example.server.MainController.issueIOU(javax.servlet.http.HttpServletRequest) throws java.lang.IllegalArgumentException
[INFO ] 2020-09-02T18:05:24,145 [main] RequestMappingHandlerMapping - Mapped "{[/api/example/me],methods=[GET],produces=[application/json]}" onto private java.util.HashMap<java.lang.String, java.lang.String> com.example.server.MainController.whoami()
[INFO ] 2020-09-02T18:05:24,146 [main] RequestMappingHandlerMapping - Mapped "{[/api/example/my-ious],methods=[GET],produces=[application/json]}" onto public org.springframework.http.ResponseEntity<java.util.List<net.corda.core.contracts.StateAndRef<com.example.state.IOUState>>> com.example.server.MainController.getMyIOUs()
[INFO ] 2020-09-02T18:05:24,211 [main] RequestMappingHandlerMapping - Mapped "{[/error]}" onto public org.springframework.http.ResponseEntity<java.util.Map<java.lang.String, java.lang.Object>> org.springframework.boot.autoconfigure.web.servlet.error.BasicErrorController.error(javax.servlet.http.HttpServletRequest)
[INFO ] 2020-09-02T18:05:24,212 [main] RequestMappingHandlerMapping - Mapped "{[/error],produces=[text/html]}" onto public org.springframework.web.servlet.ModelAndView org.springframework.boot.autoconfigure.web.servlet.error.BasicErrorController.errorHtml(javax.servlet.http.HttpServletRequest,javax.servlet.http.HttpServletResponse)
[INFO ] 2020-09-02T18:05:24,271 [main] SimpleUrlHandlerMapping - Mapped URL path [/webjars/**] onto handler of type [class org.springframework.web.servlet.resource.ResourceHttpRequestHandler]
[INFO ] 202[INFO ] 2020-09-02T18:07:20,746 [main] Server - Starting Server on HP-ProBook-450-G3 with PID 24884 (started by Araf in G:\Github Repos\samples-java\Basic\cordapp-example\clients)
[INFO ] 2020-09-02T18:07:20,765 [main] Server - No active profile set, falling back to default profiles: default
[INFO ] 2020-09-02T18:07:21,641 [main] AnnotationConfigServletWebServerApplicationContext - Refreshing org.springframework.boot.web.servlet.context.AnnotationConfigServletWebServerApplicationContext@2098d37d: startup date [Thu Sep 03 00:07:21 BDT 2020]; root of context hierarchy
[INFO ] 2020-09-02T18:07:50,083 [main] TomcatWebServer - Tomcat initialized with port(s): 50006 (http)
[INFO ] 2020-09-02T18:07:50,178 [main] Http11NioProtocol - Initializing ProtocolHandler ["http-nio-50006"]
[INFO ] 2020-09-02T18:07:50,275 [main] StandardService - Starting service [Tomcat]
[INFO ] 2020-09-02T18:07:50,277 [main] StandardEngine - Starting Servlet Engine: Apache Tomcat/8.5.31
[INFO ] 2020-09-02T18:07:50,312 [localhost-startStop-1] AprLifecycleListener - The APR based Apache Tomcat Native library which allows optimal performance in production environments was not found on the java.library.path: [C:\Program Files\Java\jdk1.8.0_241\bin;C:\WINDOWS\Sun\Java\bin;C:\WINDOWS\system32;C:\WINDOWS;C:\Program Files (x86)\Common Files\Oracle\Java\javapath;C:\Program Files (x86)\Intel\Intel(R) Management Engine Components\iCLS\;C:\Program Files\Intel\Intel(R) Management Engine Components\iCLS\;C:\WINDOWS\system32;C:\WINDOWS;C:\WINDOWS\System32\Wbem;C:\WINDOWS\System32\WindowsPowerShell\v1.0\;C:\Program Files\Intel\WiFi\bin\;C:\Program Files\Common Files\Intel\WirelessCommon\;C:\Program Files (x86)\Intel\Intel(R) Management Engine Components\DAL;C:\Program Files\Intel\Intel(R) Management Engine Components\DAL;C:\Program Files (x86)\Intel\Intel(R) Management Engine Components\IPT;C:\Program Files\Intel\Intel(R) Management Engine Components\IPT;C:\WINDOWS\System32\OpenSSH\;F:\CLion 2018.2.6\mingw32\bin;C:\Program Files\Git\cmd;C:\sqlite3;C:\Go\bin;F:\Microsoft VS Code\bin;C:\Users\Araf\anaconda3;C:\Users\Araf\anaconda3\Library\mingw-w64\bin;C:\Users\Araf\anaconda3\Library\usr\bin;C:\Users\Araf\anaconda3\Library\bin;C:\Users\Araf\anaconda3\Scripts;C:\Program Files\Intel\WiFi\bin\;C:\Program Files\Common Files\Intel\WirelessCommon\;C:\Users\Araf\AppData\Local\Microsoft\WindowsApps;C:\Users\Araf\PycharmProjects\untitled\venv;C:\Users\Araf\PycharmProjects\untitled\venv\Scripts;C:\Program Files (x86)\CodeBlocks\share\CodeBlocks\mingw64\bin;C:\Users\Araf\go\bin;C:\Users\Araf\AppData\Local\GitHubDesktop\bin;.]
[INFO ] 2020-09-02T18:07:50,925 [localhost-startStop-1] [/] - Initializing Spring embedded WebApplicationContext
[INFO ] 2020-09-02T18:07:50,925 [localhost-startStop-1] ContextLoader - Root WebApplicationContext: initialization completed in 29293 ms
[INFO ] 2020-09-02T18:07:51,534 [localhost-startStop-1] ServletRegistrationBean - Servlet dispatcherServlet mapped to [/]
[INFO ] 2020-09-02T18:07:51,594 [localhost-startStop-1] FilterRegistrationBean - Mapping filter: 'characterEncodingFilter' to: [/*]
[INFO ] 2020-09-02T18:07:51,596 [localhost-startStop-1] FilterRegistrationBean - Mapping filter: 'hiddenHttpMethodFilter' to: [/*]
[INFO ] 2020-09-02T18:07:51,598 [localhost-startStop-1] FilterRegistrationBean - Mapping filter: 'httpPutFormContentFilter' to: [/*]
[INFO ] 2020-09-02T18:07:51,599 [localhost-startStop-1] FilterRegistrationBean - Mapping filter: 'requestContextFilter' to: [/*]
[INFO ] 2020-09-02T18:08:22,293 [main] RPCClient - Startup took 13950 msec
[INFO ] 2020-09-02T18:08:28,154 [main] SimpleUrlHandlerMapping - Mapped URL path [/**/favicon.ico] onto handler of type [class org.springframework.web.servlet.resource.ResourceHttpRequestHandler]
[INFO ] 2020-09-02T18:08:29,317 [main] RequestMappingHandlerAdapter - Looking for @ControllerAdvice: org.springframework.boot.web.servlet.context.AnnotationConfigServletWebServerApplicationContext@2098d37d: startup date [Thu Sep 03 00:07:21 BDT 2020]; root of context hierarchy
[INFO ] 2020-09-02T18:08:30,518 [main] RequestMappingHandlerMapping - Mapped "{[/api/example/status],methods=[GET],produces=[text/plain]}" onto private java.lang.String com.example.server.MainController.status()
[INFO ] 2020-09-02T18:08:30,523 [main] RequestMappingHandlerMapping - Mapped "{[/api/example/create-iou],methods=[POST],consumes=[application/x-www-form-urlencoded],produces=[text/plain]}" onto public org.springframework.http.ResponseEntity<java.lang.String> com.example.server.MainController.issueIOU(javax.servlet.http.HttpServletRequest) throws java.lang.IllegalArgumentException
[INFO ] 2020-09-02T18:08:30,524 [main] RequestMappingHandlerMapping - Mapped "{[/api/example/servertime],methods=[GET],produces=[text/plain]}" onto private java.lang.String com.example.server.MainController.serverTime()
[INFO ] 2020-09-02T18:08:30,526 [main] RequestMappingHandlerMapping - Mapped "{[/api/example/notaries],methods=[GET],produces=[text/plain]}" onto private java.lang.String com.example.server.MainController.notaries()
[INFO ] 2020-09-02T18:08:30,528 [main] RequestMappingHandlerMapping - Mapped "{[/api/example/flows],methods=[GET],produces=[text/plain]}" onto private java.lang.String com.example.server.MainController.flows()
[INFO ] 2020-09-02T18:08:30,546 [main] RequestMappingHandlerMapping - Mapped "{[/api/example/my-ious],methods=[GET],produces=[application/json]}" onto public org.springframework.http.ResponseEntity<java.util.List<net.corda.core.contracts.StateAndRef<com.example.state.IOUState>>> com.example.server.MainController.getMyIOUs()
[INFO ] 2020-09-02T18:08:30,558 [main] RequestMappingHandlerMapping - Mapped "{[/api/example/platformversion],methods=[GET],produces=[text/plain]}" onto private java.lang.String com.example.server.MainController.platformVersion()
[INFO ] 2020-09-02T18:08:30,570 [main] RequestMappingHandlerMapping - Mapped "{[/api/example/peers],methods=[GET],produces=[application/json]}" onto public java.util.HashMap<java.lang.String, java.util.List<java.lang.String>> com.example.server.MainController.getPeers()
[INFO ] 2020-09-02T18:08:30,575 [main] RequestMappingHandlerMapping - Mapped "{[/api/example/ious],methods=[GET],produces=[application/json]}" onto public java.util.List<net.corda.core.contracts.StateAndRef<com.example.state.IOUState>> com.example.server.MainController.getIOUs()
[INFO ] 2020-09-02T18:08:30,576 [main] RequestMappingHandlerMapping - Mapped "{[/api/example/me],methods=[GET],produces=[application/json]}" onto private java.util.HashMap<java.lang.String, java.lang.String> com.example.server.MainController.whoami()
[INFO ] 2020-09-02T18:08:30,577 [main] RequestMappingHandlerMapping - Mapped "{[/api/example/identities],methods=[GET],produces=[text/plain]}" onto private java.lang.String com.example.server.MainController.identities()
[INFO ] 2020-09-02T18:08:30,579 [main] RequestMappingHandlerMapping - Mapped "{[/api/example/addresses],methods=[GET],produces=[text/plain]}" onto private java.lang.String com.example.server.MainController.addresses()
[INFO ] 2020-09-02T18:08:30,580 [main] RequestMappingHandlerMapping - Mapped "{[/api/example/states],methods=[GET],produces=[text/plain]}" onto private java.lang.String com.example.server.MainController.states()
[INFO ] 2020-09-02T18:08:30,592 [main] RequestMappingHandlerMapping - Mapped "{[/error]}" onto public org.springframework.http.ResponseEntity<java.util.Map<java.lang.String, java.lang.Object>> org.springframework.boot.autoconfigure.web.servlet.error.BasicErrorController.error(javax.servlet.http.HttpServletRequest)
[INFO ] 2020-09-02T18:08:30,594 [main] RequestMappingHandlerMapping - Mapped "{[/error],produces=[text/html]}" onto public org.springframework.web.servlet.ModelAndView org.springframework.boot.autoconfigure.web.servlet.error.BasicErrorController.errorHtml(javax.servlet.http.HttpServletRequest,javax.servlet.http.HttpServletResponse)
[INFO ] 2020-09-02T18:08:30,723 [main] SimpleUrlHandlerMapping - Mapped URL path [/webjars/**] onto handler of type [class org.springframework.web.servlet.resource.ResourceHttpRequestHandler]
[INFO ] 20[INFO ] 2020-09-02T18:07:33,778 [main] Server - Starting Server on HP-ProBook-450-G3 with PID 10620 (started by Araf in G:\Github Repos\samples-java\Basic\cordapp-example\clients)
[INFO ] 2020-09-02T18:07:33,844 [main] Server - No active profile set, falling back to default profiles: default
[INFO ] 2020-09-02T18:07:34,430 [main] AnnotationConfigServletWebServerApplicationContext - Refreshing org.springframework.boot.web.servlet.context.AnnotationConfigServletWebServerApplicationContext@749ab7b4: startup date [Thu Sep 03 00:07:34 BDT 2020]; root of context hierarchy
[INFO ] 2020-09-02T18:07:50,067 [main] TomcatWebServer - Tomcat initialized with port(s): 50007 (http)
[INFO ] 2020-09-02T18:07:50,144 [main] Http11NioProtocol - Initializing ProtocolHandler ["http-nio-50007"]
[INFO ] 2020-09-02T18:07:50,181 [main] StandardService - Starting service [Tomcat]
[INFO ] 2020-09-02T18:07:50,182 [main] StandardEngine - Starting Servlet Engine: Apache Tomcat/8.5.31
[INFO ] 2020-09-02T18:07:50,216 [localhost-startStop-1] AprLifecycleListener - The APR based Apache Tomcat Native library which allows optimal performance in production environments was not found on the java.library.path: [C:\Program Files\Java\jdk1.8.0_241\bin;C:\WINDOWS\Sun\Java\bin;C:\WINDOWS\system32;C:\WINDOWS;C:\Program Files (x86)\Common Files\Oracle\Java\javapath;C:\Program Files (x86)\Intel\Intel(R) Management Engine Components\iCLS\;C:\Program Files\Intel\Intel(R) Management Engine Components\iCLS\;C:\WINDOWS\system32;C:\WINDOWS;C:\WINDOWS\System32\Wbem;C:\WINDOWS\System32\WindowsPowerShell\v1.0\;C:\Program Files\Intel\WiFi\bin\;C:\Program Files\Common Files\Intel\WirelessCommon\;C:\Program Files (x86)\Intel\Intel(R) Management Engine Components\DAL;C:\Program Files\Intel\Intel(R) Management Engine Components\DAL;C:\Program Files (x86)\Intel\Intel(R) Management Engine Components\IPT;C:\Program Files\Intel\Intel(R) Management Engine Components\IPT;C:\WINDOWS\System32\OpenSSH\;F:\CLion 2018.2.6\mingw32\bin;C:\Program Files\Git\cmd;C:\sqlite3;C:\Go\bin;F:\Microsoft VS Code\bin;C:\Users\Araf\anaconda3;C:\Users\Araf\anaconda3\Library\mingw-w64\bin;C:\Users\Araf\anaconda3\Library\usr\bin;C:\Users\Araf\anaconda3\Library\bin;C:\Users\Araf\anaconda3\Scripts;C:\Program Files\Intel\WiFi\bin\;C:\Program Files\Common Files\Intel\WirelessCommon\;C:\Users\Araf\AppData\Local\Microsoft\WindowsApps;C:\Users\Araf\PycharmProjects\untitled\venv;C:\Users\Araf\PycharmProjects\untitled\venv\Scripts;C:\Program Files (x86)\CodeBlocks\share\CodeBlocks\mingw64\bin;C:\Users\Araf\go\bin;C:\Users\Araf\AppData\Local\GitHubDesktop\bin;.]
[INFO ] 2020-09-02T18:07:50,924 [localhost-startStop-1] [/] - Initializing Spring embedded WebApplicationContext
[INFO ] 2020-09-02T18:07:50,925 [localhost-startStop-1] ContextLoader - Root WebApplicationContext: initialization completed in 16504 ms
[INFO ] 2020-09-02T18:07:51,514 [localhost-startStop-1] ServletRegistrationBean - Servlet dispatcherServlet mapped to [/]
[INFO ] 2020-09-02T18:07:51,534 [localhost-startStop-1] FilterRegistrationBean - Mapping filter: 'characterEncodingFilter' to: [/*]
[INFO ] 2020-09-02T18:07:51,536 [localhost-startStop-1] FilterRegistrationBean - Mapping filter: 'hiddenHttpMethodFilter' to: [/*]
[INFO ] 2020-09-02T18:07:51,536 [localhost-startStop-1] FilterRegistrationBean - Mapping filter: 'httpPutFormContentFilter' to: [/*]
[INFO ] 2020-09-02T18:07:51,536 [localhost-startStop-1] FilterRegistrationBean - Mapping filter: 'requestContextFilter' to: [/*]
[INFO ] 2020-09-02T18:08:22,310 [main] RPCClient - Startup took 14537 msec
[INFO ] 2020-09-02T18:08:31,806 [main] SimpleUrlHandlerMapping - Mapped URL path [/**/favicon.ico] onto handler of type [class org.springframework.web.servlet.resource.ResourceHttpRequestHandler]
[INFO ] 2020-09-02T18:08:33,555 [main] RequestMappingHandlerAdapter - Looking for @ControllerAdvice: org.springframework.boot.web.servlet.context.AnnotationConfigServletWebServerApplicationContext@749ab7b4: startup date [Thu Sep 03 00:07:34 BDT 2020]; root of context hierarchy
[INFO ] 2020-09-02T18:08:34,256 [main] RequestMappingHandlerMapping - Mapped "{[/api/example/status],methods=[GET],produces=[text/plain]}" onto private java.lang.String com.example.server.MainController.status()
[INFO ] 2020-09-02T18:08:34,259 [main] RequestMappingHandlerMapping - Mapped "{[/api/example/addresses],methods=[GET],produces=[text/plain]}" onto private java.lang.String com.example.server.MainController.addresses()
[INFO ] 2020-09-02T18:08:34,260 [main] RequestMappingHandlerMapping - Mapped "{[/api/example/states],methods=[GET],produces=[text/plain]}" onto private java.lang.String com.example.server.MainController.states()
[INFO ] 2020-09-02T18:08:34,262 [main] RequestMappingHandlerMapping - Mapped "{[/api/example/create-iou],methods=[POST],consumes=[application/x-www-form-urlencoded],produces=[text/plain]}" onto public org.springframework.http.ResponseEntity<java.lang.String> com.example.server.MainController.issueIOU(javax.servlet.http.HttpServletRequest) throws java.lang.IllegalArgumentException
[INFO ] 2020-09-02T18:08:34,263 [main] RequestMappingHandlerMapping - Mapped "{[/api/example/identities],methods=[GET],produces=[text/plain]}" onto private java.lang.String com.example.server.MainController.identities()
[INFO ] 2020-09-02T18:08:34,268 [main] RequestMappingHandlerMapping - Mapped "{[/api/example/notaries],methods=[GET],produces=[text/plain]}" onto private java.lang.String com.example.server.MainController.notaries()
[INFO ] 2020-09-02T18:08:34,270 [main] RequestMappingHandlerMapping - Mapped "{[/api/example/peers],methods=[GET],produces=[application/json]}" onto public java.util.HashMap<java.lang.String, java.util.List<java.lang.String>> com.example.server.MainController.getPeers()
[INFO ] 2020-09-02T18:08:34,272 [main] RequestMappingHandlerMapping - Mapped "{[/api/example/ious],methods=[GET],produces=[application/json]}" onto public java.util.List<net.corda.core.contracts.StateAndRef<com.example.state.IOUState>> com.example.server.MainController.getIOUs()
[INFO ] 2020-09-02T18:08:34,273 [main] RequestMappingHandlerMapping - Mapped "{[/api/example/flows],methods=[GET],produces=[text/plain]}" onto private java.lang.String com.example.server.MainController.flows()
[INFO ] 2020-09-02T18:08:34,274 [main] RequestMappingHandlerMapping - Mapped "{[/api/example/my-ious],methods=[GET],produces=[application/json]}" onto public org.springframework.http.ResponseEntity<java.util.List<net.corda.core.contracts.StateAndRef<com.example.state.IOUState>>> com.example.server.MainController.getMyIOUs()
[INFO ] 2020-09-02T18:08:34,289 [main] RequestMappingHandlerMapping - Mapped "{[/api/example/me],methods=[GET],produces=[application/json]}" onto private java.util.HashMap<java.lang.String, java.lang.String> com.example.server.MainController.whoami()
[INFO ] 2020-09-02T18:08:34,290 [main] RequestMappingHandlerMapping - Mapped "{[/api/example/servertime],methods=[GET],produces=[text/plain]}" onto private java.lang.String com.example.server.MainController.serverTime()
[INFO ] 2020-09-02T18:08:34,292 [main] RequestMappingHandlerMapping - Mapped "{[/api/example/platformversion],methods=[GET],produces=[text/plain]}" onto private java.lang.String com.example.server.MainController.platformVersion()
[INFO ] 2020-09-02T18:08:34,341 [main] RequestMappingHandlerMapping - Mapped "{[/error]}" onto public org.springframework.http.ResponseEntity<java.util.Map<java.lang.String, java.lang.Object>> org.springframework.boot.autoconfigure.web.servlet.error.BasicErrorController.error(javax.servlet.http.HttpServletRequest)
[INFO ] 2020-09-02T18:08:34,343 [main] RequestMappingHandlerMapping - Mapped "{[/error],produces=[text/html]}" onto public org.springframework.web.servlet.ModelAndView org.springframework.boot.autoconfigure.web.servlet.error.BasicErrorController.errorHtml(javax.servlet.http.HttpServletRequest,javax.servlet.http.HttpServletResponse)
[INFO ] 2020-09-02T18:08:34,924 [main] SimpleUrlHandlerMapping - Mapped URL path [/webjars/**] onto handler of type [class org.springframework.web.servlet.resource.ResourceHttpRequestHandler]
[INFO ] 20